2025-08-12 22:32:39 - GDL90Receiver - INFO - 🎯 GDL-90接收器已启动
📡 监听端口: 4000
⏰ 22:32:39
📝 日志文件: receiver.log
📝 消息日志: receiver_messages.log
2025-08-12 22:32:39 - GDL90Receiver - INFO - ============================================================
2025-08-12 22:32:39 - GDL90Receiver - INFO - GDL-90接收器启动 - 端口: 4000
2025-08-12 22:33:09 - GDL90Receiver - INFO - 
📈 统计信息 [22:33:09]:
   总消息数: 201
   心跳: 2
   自机报告: 5
   交通报告: 194
----------------------------------------
2025-08-12 22:33:09 - GDL90Receiver - INFO - 统计信息 - 总计: 201, 心跳: 2, 自机: 5, 交通: 194, CRC错误: 0
2025-08-12 22:33:40 - GDL90Receiver - INFO - 
📈 统计信息 [22:33:40]:
   总消息数: 3922
   心跳: 32
   自机报告: 62
   交通报告: 3828
----------------------------------------
2025-08-12 22:33:40 - GDL90Receiver - INFO - 统计信息 - 总计: 3922, 心跳: 32, 自机: 62, 交通: 3828, CRC错误: 0
